<?xml version="1.0"?>
<testsuites>
  <testsuite name="Chrome 39.0.2159 (Windows 7)" package="" timestamp="2014-11-17T10:23:22" id="0" hostname="MININT-NN1DQST">
    <properties>
      <property name="browser.fullName" value="Mozilla/5.0 (Windows NT 6.1; WOW64) AppleWebKit/537.36 (KHTML, like Gecko) Chrome/39.0.2159.4 Safari/537.36"/>
    </properties>
  </testsuite>
  <testsuite name="Chrome 39.0.2159 (Windows 7)" package="" timestamp="2014-11-17T10:23:22" id="0" hostname="MININT-NN1DQST" tests="1" errors="0" failures="0" time="0.013">
    <properties>
      <property name="browser.fullName" value="Mozilla/5.0 (Windows NT 6.1; WOW64) AppleWebKit/537.36 (KHTML, like Gecko) Chrome/39.0.2159.4 Safari/537.36"/>
    </properties>
    <testcase name="module1 + module2" time="0.013" classname="Chrome 39.0.2159 (Windows 7).modules"/>
    <system-out><![CDATA[
]]></system-out>
    <system-err/>
  </testsuite>
</testsuites>
