<?xml version="1.0"?>
<testsuites>
  <testsuite name="Chrome 41.0.2272 (Mac OS X 10.10.2)" package="" timestamp="2015-04-23T14:48:58" id="0" hostname="A.local">
    <properties>
      <property name="browser.fullName" value="Mozilla/5.0 (Macintosh; Intel Mac OS X 10_10_2) AppleWebKit/537.36 (KHTML, like Gecko) Chrome/41.0.2272.101 Safari/537.36"/>
    </properties>
  </testsuite>
  <testsuite name="Chrome 41.0.2272 (Mac OS X 10.10.2)" package="" timestamp="2015-04-23T14:48:58" id="0" hostname="A.local" tests="1" errors="0" failures="0" time="0.027">
    <properties>
      <property name="browser.fullName" value="Mozilla/5.0 (Macintosh; Intel Mac OS X 10_10_2) AppleWebKit/537.36 (KHTML, like Gecko) Chrome/41.0.2272.101 Safari/537.36"/>
    </properties>
    <testcase name="module1 + module2" time="0.027" classname="Chrome 41.0.2272 (Mac OS X 10.10.2).modules"/>
    <system-out><![CDATA[
]]></system-out>
    <system-err/>
  </testsuite>
</testsuites>
